<?xml version="1.0" encoding="UTF-8"?>
<testng-results skipped="0" failed="0" ignored="0" total="1" passed="1">
  <reporter-output>
  </reporter-output>
  <suite name="Default suite" duration-ms="53777" started-at="2018-01-22T17:24:08Z" finished-at="2018-01-22T17:25:02Z">
    <groups>
      <group name="cucumber">
        <method signature="TestRunner.feature(cucumber.api.testng.CucumberFeatureWrapper)[pri:0, instance:com.rbs.CucumberTestNGRunners.TestRunner@32eebfca]" name="feature" class="com.rbs.CucumberTestNGRunners.TestRunner"/>
      </group> <!-- cucumber -->
    </groups>
    <test name="Default test" duration-ms="53777" started-at="2018-01-22T17:24:08Z" finished-at="2018-01-22T17:25:02Z">
      <class name="com.rbs.CucumberTestNGRunners.TestRunner">
        <test-method status="PASS" signature="setUpClass()[pri:0, instance:com.rbs.CucumberTestNGRunners.TestRunner@32eebfca]" name="setUpClass" is-config="true" duration-ms="298" started-at="2018-01-22T17:24:08Z" finished-at="2018-01-22T17:24:08Z">
          <reporter-output>
          </reporter-output>
        </test-method> <!-- setUpClass -->
        <test-method status="PASS" signature="feature(cucumber.api.testng.CucumberFeatureWrapper)[pri:0, instance:com.rbs.CucumberTestNGRunners.TestRunner@32eebfca]" name="feature" duration-ms="53371" started-at="2018-01-22T17:24:08Z" description="Runs Cucumber Feature" data-provider="features" finished-at="2018-01-22T17:25:02Z">
          <params>
            <param index="0">
              <value>
                <![CDATA[Online Shopping]]>
              </value>
            </param>
          </params>
          <reporter-output>
          </reporter-output>
        </test-method> <!-- feature -->
        <test-method status="PASS" signature="tearDownClass()[pri:0, instance:com.rbs.CucumberTestNGRunners.TestRunner@32eebfca]" name="tearDownClass" is-config="true" duration-ms="14" started-at="2018-01-22T17:25:02Z" finished-at="2018-01-22T17:25:02Z">
          <reporter-output>
          </reporter-output>
        </test-method> <!-- tearDownClass -->
      </class> <!-- com.rbs.CucumberTestNGRunners.TestRunner -->
    </test> <!-- Default test -->
  </suite> <!-- Default suite -->
</testng-results>
